<?xml version="1.0" encoding="UTF-8"?>
<!-- Generated by org.testng.reporters.JUnitReportReporter -->
<testsuite hostname="AEP-LAP-38" failures="0" tests="3" name="com.aepl.sam.tests.GovernmentServerPageTest" time="2.791" errors="0" timestamp="2025-03-10T16:03:36 IST" skipped="0">
  <testcase classname="com.aepl.sam.tests.GovernmentServerPageTest" name="testClickNavBar" time="1.050"/>
  <system-out/>
  <testcase classname="com.aepl.sam.tests.GovernmentServerPageTest" name="testBackButton" time="1.351"/>
  <system-out/>
  <testcase classname="com.aepl.sam.tests.GovernmentServerPageTest" name="testRefreshButton" time="0.390"/>
  <system-out/>
</testsuite> <!-- com.aepl.sam.tests.GovernmentServerPageTest -->
