<?xml version="1.0" encoding="UTF-8"?>
<!-- Generated by org.testng.reporters.JUnitReportReporter -->
<testsuite hostname="AEPL-ASSET-195" failures="0" tests="7" name="com.aepl.sam.tests.DeviceModelsPageTest" time="19.152" errors="0" timestamp="2025-03-10T15:54:57 IST" skipped="0">
  <testcase classname="com.aepl.sam.tests.DeviceModelsPageTest" name="navBarLinkTest1" time="2.577"/>
  <system-out/>
  <testcase classname="com.aepl.sam.tests.DeviceModelsPageTest" name="ClickAddDeviceModelTest" time="2.332"/>
  <system-out/>
  <testcase classname="com.aepl.sam.tests.DeviceModelsPageTest" name="addModelTest" time="4.677"/>
  <system-out/>
  <testcase classname="com.aepl.sam.tests.DeviceModelsPageTest" name="searchModelTest" time="2.312"/>
  <system-out/>
  <testcase classname="com.aepl.sam.tests.DeviceModelsPageTest" name="viewModelTest" time="2.256"/>
  <system-out/>
  <testcase classname="com.aepl.sam.tests.DeviceModelsPageTest" name="UpdateModelTest" time="2.757"/>
  <system-out/>
  <testcase classname="com.aepl.sam.tests.DeviceModelsPageTest" name="DeleteModelTest" time="2.241"/>
  <system-out/>
</testsuite> <!-- com.aepl.sam.tests.DeviceModelsPageTest -->
